d:\works\qtaravis\qtaravis\qtaravis\x64\debug\qtarvgvdevice.obj
d:\works\qtaravis\qtaravis\qtaravis\x64\debug\qtarvgvcppacket.obj
d:\works\qtaravis\qtaravis\qtaravis\x64\debug\qtarvdomcharacterdata.obj
d:\works\qtaravis\qtaravis\qtaravis\x64\debug\qtarvevaluator.obj
d:\works\qtaravis\qtaravis\qtaravis\x64\debug\qtarvrealtime.obj
d:\works\qtaravis\qtaravis\qtaravis\x64\debug\qtarvdomnodechildlist.obj
d:\works\qtaravis\qtaravis\qtaravis\x64\debug\qtgentldatastream.obj
d:\works\qtaravis\qtaravis\qtaravis\x64\debug\qtarvfakegvcamera.obj
d:\works\qtaravis\qtaravis\qtaravis\x64\debug\qtarvdomnamednodemap.obj
d:\works\qtaravis\qtaravis\qtaravis\x64\debug\qtgentlruntime.obj
d:\works\qtaravis\qtaravis\qtaravis\x64\debug\qtarvcamera.obj
d:\works\qtaravis\qtaravis\qtaravis\x64\debug\qtarvgentldevice.obj
d:\works\qtaravis\qtaravis\qtaravis\x64\debug\qtarvstr.obj
d:\works\qtaravis\qtaravis\qtaravis\x64\debug\qtgentlcontrol.obj
d:\works\qtaravis\qtaravis\qtaravis\x64\debug\qtarvdomnode.obj
d:\works\qtaravis\qtaravis\qtaravis\x64\debug\qtarvgcintswissknife.obj
d:\works\qtaravis\qtaravis\qtaravis\x64\debug\qtarvdomnodelist.obj
d:\works\qtaravis\qtaravis\qtaravis\x64\debug\qtarvenumutil.obj
d:\works\qtaravis\qtaravis\qtaravis\x64\debug\qtaravis.obj
d:\works\qtaravis\qtaravis\qtaravis\x64\debug\qtarvuvdevice.obj
d:\works\qtaravis\qtaravis\qtaravis\x64\debug\qttransportlayer.obj
d:\works\qtaravis\qtaravis\qtaravis\x64\debug\qtgentltransportlayer.obj
d:\works\qtaravis\qtaravis\qtaravis\x64\debug\qtarvgentlinterface.obj
d:\works\qtaravis\qtaravis\qtaravis\x64\debug\qtarvinterface.obj
d:\works\qtaravis\qtaravis\qtaravis\x64\debug\qtarvdomelement.obj
d:\works\qtaravis\qtaravis\qtaravis\x64\debug\qt\moc\moc_qtarvgcstructentrynode.cpp
d:\works\qtaravis\qtaravis\qtaravis\x64\debug\qt\moc\moc_qtgentltransportlayer.cpp
d:\works\qtaravis\qtaravis\qtaravis\x64\debug\qt\moc\moc_qtgentlruntime.cpp
d:\works\qtaravis\qtaravis\qtaravis\x64\debug\qt\moc\moc_qttransportlayer.cpp
d:\works\qtaravis\qtaravis\qtaravis\x64\debug\qt\moc\moc_qtgentlinterface.cpp
d:\works\qtaravis\qtaravis\qtaravis\x64\debug\qt\moc\moc_qtgentlcontrol.cpp
d:\works\qtaravis\qtaravis\qtaravis\x64\debug\qt\moc\moc_qtgentlevent.cpp
d:\works\qtaravis\qtaravis\qtaravis\x64\debug\qt\moc\moc_qtgentldatastream.cpp
d:\works\qtaravis\qtaravis\qtaravis\x64\debug\qt\moc\moc_qtgentldevice.cpp
d:\works\qtaravis\qtaravis\qtaravis\x64\debug\qt\moc\moc_qtarvzip.cpp
d:\works\qtaravis\qtaravis\qtaravis\x64\debug\qt\moc\moc_qtarvxmlschema.cpp
d:\works\qtaravis\qtaravis\qtaravis\x64\debug\qt\moc\moc_qtarvwakeup.cpp
d:\works\qtaravis\qtaravis\qtaravis\x64\debug\qt\moc\moc_qtarvv4l2stream.cpp
d:\works\qtaravis\qtaravis\qtaravis\x64\debug\qt\moc\moc_qtarvv4l2interface.cpp
d:\works\qtaravis\qtaravis\qtaravis\x64\debug\qt\moc\moc_qtarvv4l2device.cpp
d:\works\qtaravis\qtaravis\qtaravis\x64\debug\qt\moc\moc_qtarvuvstream.cpp
d:\works\qtaravis\qtaravis\qtaravis\x64\debug\qt\moc\moc_qtarvuvinterface.cpp
d:\works\qtaravis\qtaravis\qtaravis\x64\debug\qt\moc\moc_qtarvuvdevice.cpp
d:\works\qtaravis\qtaravis\qtaravis\x64\debug\qt\moc\moc_qtarvtestrunner.cpp
d:\works\qtaravis\qtaravis\qtaravis\x64\debug\qt\moc\moc_qtarvgvstream.cpp
d:\works\qtaravis\qtaravis\qtaravis\x64\debug\qt\moc\moc_qtarvinterface.cpp
d:\works\qtaravis\qtaravis\qtaravis\x64\debug\qt\moc\moc_qtarvgvinterface.cpp
d:\works\qtaravis\qtaravis\qtaravis\x64\debug\qt\moc\moc_qtarvgvfakecamera.cpp
d:\works\qtaravis\qtaravis\qtaravis\x64\debug\qt\moc\moc_qtarvgvdevice.cpp
d:\works\qtaravis\qtaravis\qtaravis\x64\debug\qt\moc\moc_qtarvgentlsystem.cpp
d:\works\qtaravis\qtaravis\qtaravis\x64\debug\qt\moc\moc_qtarvgentlstream.cpp
d:\works\qtaravis\qtaravis\qtaravis\x64\debug\qt\moc\moc_qtarvgentlinterface.cpp
d:\works\qtaravis\qtaravis\qtaravis\x64\debug\qt\moc\moc_qtarvgentldevice.cpp
d:\works\qtaravis\qtaravis\qtaravis\x64\debug\qt\moc\moc_qtarvfakestream.cpp
d:\works\qtaravis\qtaravis\qtaravis\x64\debug\qt\moc\moc_qtarvfakeinterface.cpp
d:\works\qtaravis\qtaravis\qtaravis\x64\debug\qt\moc\moc_qtarvfakedevice.cpp
d:\works\qtaravis\qtaravis\qtaravis\x64\debug\qt\moc\moc_qtarvfakecamera.cpp
d:\works\qtaravis\qtaravis\qtaravis\x64\debug\qt\moc\moc_qtarvevaluator.cpp
d:\works\qtaravis\qtaravis\qtaravis\x64\debug\qt\moc\moc_qtarvenumentrynode.cpp
d:\works\qtaravis\qtaravis\qtaravis\x64\debug\qt\moc\moc_qtarvenumerationnode.cpp
d:\works\qtaravis\qtaravis\qtaravis\x64\debug\qt\moc\moc_qtarvdomcharacterdata.cpp
d:\works\qtaravis\qtaravis\qtaravis\x64\debug\qt\moc\moc_qtarvdomnode.cpp
d:\works\qtaravis\qtaravis\qtaravis\x64\debug\qt\moc\moc_qtarvdomelement.cpp
d:\works\qtaravis\qtaravis\qtaravis\x64\debug\qt\moc\moc_qtarvdomtext.cpp
d:\works\qtaravis\qtaravis\qtaravis\x64\debug\qt\moc\moc_qtarvdomparser.cpp
d:\works\qtaravis\qtaravis\qtaravis\x64\debug\qt\moc\moc_qtarvdomdocument.cpp
d:\works\qtaravis\qtaravis\qtaravis\x64\debug\qt\moc\moc_qtarvstringnode.cpp
d:\works\qtaravis\qtaravis\qtaravis\x64\debug\qt\moc\moc_qtarvcommandnode.cpp
d:\works\qtaravis\qtaravis\qtaravis\x64\debug\qt\moc\moc_qtarvbooleannode.cpp
d:\works\qtaravis\qtaravis\qtaravis\x64\debug\qt\moc\moc_qtarvintegernode.cpp
d:\works\qtaravis\qtaravis\qtaravis\x64\debug\qt\moc\moc_qtarvnode.cpp
d:\works\qtaravis\qtaravis\qtaravis\x64\debug\qt\moc\moc_qtarvchunkparser.cpp
d:\works\qtaravis\qtaravis\qtaravis\x64\debug\qt\moc\moc_qtarvgenicam.cpp
d:\works\qtaravis\qtaravis\qtaravis\x64\debug\qt\moc\moc_qtarvcamera.cpp
d:\works\qtaravis\qtaravis\qtaravis\x64\debug\qt\moc\moc_qtarvstream.cpp
d:\works\qtaravis\qtaravis\qtaravis\x64\debug\qt\moc\moc_qtarvdevice.cpp
d:\works\qtaravis\qtaravis\qtaravis\x64\debug\qt\moc\moc_qtaravis.cpp
d:\works\qtaravis\qtaravis\qtaravis\x64\debug\vc143.idb
d:\works\qtaravis\qtaravis\qtaravis\x64\debug\vc143.pdb
d:\works\qtaravis\qtaravis\qtaravis\x64\debug\qtaravis.tlog\cl.15060.write.1.tlog
d:\works\qtaravis\qtaravis\qtaravis\x64\debug\qtaravis.tlog\cl.command.1.tlog
d:\works\qtaravis\qtaravis\qtaravis\x64\debug\qtaravis.tlog\cl.read.1.tlog
d:\works\qtaravis\qtaravis\qtaravis\x64\debug\qtaravis.tlog\moc.read.1u.tlog
d:\works\qtaravis\qtaravis\qtaravis\x64\debug\qtaravis.tlog\moc.write.1u.tlog
d:\works\qtaravis\qtaravis\qtaravis\x64\debug\qtaravis.tlog\qtaravis.write.1u.tlog
